<?xml version="1.0" encoding="UTF-8"?>
<testsuite xmlns:xsi="http://www.w3.org/2001/XMLSchema-instance" xsi:noNamespaceSchemaLocation="https://maven.apache.org/surefire/maven-surefire-plugin/xsd/surefire-test-report-3.0.xsd" version="3.0" name="com.xl1.stts.abonnement.service.IAbonnementServiceTest" time="5.389" tests="1" errors="0" skipped="0" failures="0">
  <properties>
[...]
</properties>
  <testcase name="addAbonnementTest" classname="com.xl1.stts.abonnement.service.IAbonnementServiceTest" time="5.265">
    <system-out><![CDATA[Hibernate: 
    select
        abonnement0_.id as id2_0_,
        abonnement0_.actif as actif3_0_,
        abonnement0_.dateAbonnement as dateabon4_0_,
        abonnement0_.solde as solde5_0_,
        abonnement0_.debit as debit6_0_,
        abonnement0_.fidelio as fidelio7_0_,
        abonnement0_.TYPE_AB as type_ab1_0_ 
    from
        Abonnement abonnement0_ 
    where
        abonnement0_.actif=?
Hibernate: 
    insert 
    into
        Abonnement
        (actif, dateAbonnement, solde, fidelio, TYPE_AB) 
    values
        (?, ?, ?, ?, 'GSM')
Hibernate: 
    insert 
    into
        Abonnement
        (actif, dateAbonnement, solde, debit, TYPE_AB) 
    values
        (?, ?, ?, ?, 'INT')
Hibernate: 
    select
        abonnement0_.id as id2_0_,
        abonnement0_.actif as actif3_0_,
        abonnement0_.dateAbonnement as dateabon4_0_,
        abonnement0_.solde as solde5_0_,
        abonnement0_.debit as debit6_0_,
        abonnement0_.fidelio as fidelio7_0_,
        abonnement0_.TYPE_AB as type_ab1_0_ 
    from
        Abonnement abonnement0_ 
    where
        abonnement0_.actif=?
]]></system-out>
  </testcase>
</testsuite>